2025-03-14 15:39:59,849 INFO: アプリケーション起動 [in C:\cursor\recruiting_app\backend\app.py:51]
2025-03-14 15:40:01,682 INFO: アプリケーション起動 [in C:\cursor\recruiting_app\backend\app.py:51]
2025-03-14 15:48:12,097 INFO: アプリケーション起動 [in C:\cursor\recruiting_app\backend\app.py:51]
2025-03-14 15:48:13,679 INFO: アプリケーション起動 [in C:\cursor\recruiting_app\backend\app.py:51]
2025-03-14 15:55:00,338 INFO: リクエスト: GET /api/applicants [in C:\cursor\recruiting_app\backend\app.py:56]
2025-03-14 15:55:00,340 INFO: 求職者一覧取得リクエスト: ページ=1, 件数=10 [in C:\cursor\recruiting_app\backend\app.py:147]
2025-03-14 15:55:00,365 INFO: 求職者データ取得成功: 1件 [in C:\cursor\recruiting_app\backend\app.py:158]
2025-03-14 15:55:00,372 INFO: リクエスト: GET /api/applicants [in C:\cursor\recruiting_app\backend\app.py:56]
2025-03-14 15:55:00,373 INFO: 求職者一覧取得リクエスト: ページ=1, 件数=10 [in C:\cursor\recruiting_app\backend\app.py:147]
2025-03-14 15:55:00,375 INFO: リクエスト: GET /api/jobs [in C:\cursor\recruiting_app\backend\app.py:56]
2025-03-14 15:55:00,376 INFO: 求職者データ取得成功: 1件 [in C:\cursor\recruiting_app\backend\app.py:158]
2025-03-14 15:55:00,592 INFO: リクエスト: GET /api/jobs [in C:\cursor\recruiting_app\backend\app.py:56]
2025-03-14 15:55:00,691 INFO: リクエスト: GET /api/interviews [in C:\cursor\recruiting_app\backend\app.py:56]
2025-03-14 15:55:00,964 INFO: リクエスト: GET /api/interviews [in C:\cursor\recruiting_app\backend\app.py:56]
2025-03-14 15:55:25,520 INFO: リクエスト: GET /api/applicants [in C:\cursor\recruiting_app\backend\app.py:56]
2025-03-14 15:55:25,520 INFO: 求職者一覧取得リクエスト: ページ=1, 件数=10 [in C:\cursor\recruiting_app\backend\app.py:147]
2025-03-14 15:55:25,523 INFO: 求職者データ取得成功: 1件 [in C:\cursor\recruiting_app\backend\app.py:158]
2025-03-14 15:55:25,529 INFO: リクエスト: GET /api/applicants [in C:\cursor\recruiting_app\backend\app.py:56]
2025-03-14 15:55:25,529 INFO: 求職者一覧取得リクエスト: ページ=1, 件数=10 [in C:\cursor\recruiting_app\backend\app.py:147]
2025-03-14 15:55:25,532 INFO: 求職者データ取得成功: 1件 [in C:\cursor\recruiting_app\backend\app.py:158]
2025-03-14 15:55:25,534 INFO: リクエスト: GET /api/jobs [in C:\cursor\recruiting_app\backend\app.py:56]
2025-03-14 15:55:25,769 INFO: リクエスト: GET /api/jobs [in C:\cursor\recruiting_app\backend\app.py:56]
2025-03-14 15:55:25,855 INFO: リクエスト: GET /api/interviews [in C:\cursor\recruiting_app\backend\app.py:56]
2025-03-14 15:55:26,098 INFO: リクエスト: GET /api/interviews [in C:\cursor\recruiting_app\backend\app.py:56]
